<?xml version="1.0" encoding="UTF-8"?>
<!-- Generated by org.testng.reporters.JUnitReportReporter -->
<testsuite hostname="DESKTOP-FOIVJCP" failures="0" tests="1" name="Pranathi.maven1.AppTest" time="0.004" errors="0" timestamp="2022-02-15T15:49:13 IST" skipped="0">
  <testcase classname="Pranathi.maven1.AppTest" name="shouldAnswerWithTrue" time="0.004"/>
  <system-out/>
</testsuite> <!-- Pranathi.maven1.AppTest -->
