<?xml version="1.0" encoding="UTF-8"?>
<!-- Generated by org.testng.reporters.JUnitReportReporter -->
<testsuite hostname="DESKTOP-FOIVJCP" failures="0" tests="2" name="Pranathi.maven1.seleniumTest" time="0.010" errors="0" timestamp="2022-02-15T15:48:57 IST" skipped="0">
  <testcase classname="Pranathi.maven1.seleniumTest" name="A" time="0.009"/>
  <system-out/>
  <testcase classname="Pranathi.maven1.seleniumTest" name="B" time="0.001"/>
  <system-out/>
</testsuite> <!-- Pranathi.maven1.seleniumTest -->
